<?xml version="1.0" encoding="utf-8"?><testsuites name="pytest tests"><testsuite name="pytest" errors="0" failures="0" skipped="7" tests="1755" time="707.025" timestamp="2026-09-12T08:11:44.046230+01:00" hostname="DESKTOP-156V213"><testcase classname="tests.contract.test_activation_transaction" name="test_ctrl03_unknown_assertion_rolls_back_whole_transaction" time="0.177" /><testcase classname="tests.contract.test_activation_transaction" name="test_ctrl03_apply_requires_catalog_transaction_visibility" time="0.101" /><testcase classname="tests.contract.test_activation_transaction" name="test_ctrl04_rollback_restores_prior_response" time="0.117" /><testcase classname="tests.contract.test_activation_transaction" name="test_ctrl04_rollback_wrong_cohort_rejected" time="0.084" /><testcase classname="tests.contract.test_activation_transaction" name="test_ctrl04_rollback_unknown_receipt_rejected" time="0.069" /><testcase classname="tests.contract.test_activation_transaction" name="test_repeated_apply_rejected" time="0.085" /><testcase classname="tests.contract.test_activation_transaction" name="test_repeated_rollback_rejected" time="0.111" /><testcase classname="tests.contract.test_activation_transaction" name="test_apply_stale_policy_hash_rejected" time="0.069" /><testcase classname="tests.contract.test_activation_transaction" name="test_apply_matching_policy_hash_accepted" time="0.074" /><testcase classname="tests.contract.test_activation_transaction" name="test_cli_activation_apply_rollback_roundtrip" time="0.147" /><testcase classname="tests.contract.test_activation_transaction" name="test_journal_receipts_are_immutable" time="0.118" /><testcase classname="tests.contract.test_activation_transaction" name="test_map_existing_activation_to_canary_cohort" time="0.116" /><testcase classname="tests.contract.test_activation_transaction" name="test_map_existing_activation_unknown_id_fails_closed" time="0.091" /><testcase classname="tests.contract.test_activation_transaction" name="test_map_existing_activation_stale_policy_hash_rejected" time="0.094" /><testcase classname="tests.contract.test_activation_transaction" name="test_map_existing_activation_rejects_non_active_rows" time="0.073" /><testcase classname="tests.contract.test_adapter_conformance" name="test_good_adapter_passes" time="0.025" /><testcase classname="tests.contract.test_adapter_conformance" name="test_hash_mutation_killed" time="0.012" /><testcase classname="tests.contract.test_adapter_conformance" name="test_role_mutation_killed" time="0.016" /><testcase classname="tests.contract.test_adapter_conformance" name="test_duplicate_mutation_killed" time="0.009" /><testcase classname="tests.contract.test_adapter_conformance" name="test_read_only_guarantee" time="0.012" /><testcase classname="tests.contract.test_adapter_conformance" name="test_write_mutation_killed" time="0.023" /><testcase classname="tests.contract.test_adapter_conformance" name="test_path_escape_mutation_killed" time="0.010" /><testcase classname="tests.contract.test_adapter_production_dispatch" name="test_dispatch_sidecar_adapter_by_id" time="0.004" /><testcase classname="tests.contract.test_adapter_production_dispatch" name="test_dispatch_company_raw_adapter_by_id" time="0.002" /><testcase classname="tests.contract.test_adapter_production_dispatch" name="test_dispatch_dayu_adapter_by_id" time="0.001" /><testcase classname="tests.contract.test_adapter_production_dispatch" name="test_dispatch_unknown_adapter_fails_closed" time="0.001" /><testcase classname="tests.contract.test_adapter_production_dispatch" name="test_dispatch_missing_adapter_id_fails_closed" time="0.001" /><testcase classname="tests.contract.test_adapter_production_dispatch" name="test_v2_shadow_dispatch_calls_sidecar_adapter" time="0.018" /><testcase classname="tests.contract.test_adapter_production_dispatch" name="test_v2_shadow_dispatch_company_raw_adapter" time="0.008" /><testcase classname="tests.contract.test_adapter_production_dispatch" name="test_adapters_reachable_from_production_dispatch" time="0.002" /><testcase classname="tests.contract.test_adapter_production_dispatch" name="test_scan_root_strategy_v1_behavior_unchanged" time="0.017" /><testcase classname="tests.contract.test_adapter_registry" name="test_unknown_adapter_id_fails_closed" time="0.001" /><testcase classname="tests.contract.test_adapter_registry" name="test_registered_adapter_has_version_and_capabilities" time="0.001" /><testcase classname="tests.contract.test_adapter_registry" name="test_config_cannot_reference_module_path" time="0.015" /><testcase classname="tests.contract.test_adapter_registry" name="test_future_root_reuses_sidecar_adapter" time="0.021" /><testcase classname="tests.contract.test_adapter_registry" name="test_generic_adapter_cannot_serve_filing" time="0.003" /><testcase classname="tests.contract.test_adapter_spi" name="test_spi03_determinism_same_input_passes" time="0.002" /><testcase classname="tests.contract.test_adapter_spi" name="test_spi03_reordered_output_fails" time="0.001" /><testcase classname="tests.contract.test_adapter_spi" name="test_spi03_hash_change_fails" time="0.001" /><testcase classname="tests.contract.test_adapter_spi" name="test_spi03b_duplicate_candidates_rejected" time="0.001" /><testcase classname="tests.contract.test_adapter_spi" name="test_spi04_unknown_root_no_fallback" time="0.017" /><testcase classname="tests.contract.test_adapter_spi" name="test_spi01_adapter_imports_are_pure" time="0.005" /><testcase classname="tests.contract.test_adapter_spi" name="test_spi02_scanner_root_branch_freeze" time="0.003" /><testcase classname="tests.contract.test_admission_profile" name="test_adm01_same_candidate_different_root_same_decision" time="0.001" /><testcase classname="tests.contract.test_admission_profile" name="test_adm02_policy_denied" time="0.001" /><testcase classname="tests.contract.test_admission_profile" name="test_adm03_profile_denied_generic" time="0.001" /><testcase classname="tests.contract.test_admission_profile" name="test_adm04_hash_mismatch_rejected" time="0.001" /><testcase classname="tests.contract.test_admission_profile" name="test_adm05_identity_missing_rejected" time="0.002" /><testcase classname="tests.contract.test_admission_profile" name="test_adm06_status_not_active_rejected" time="0.002" /><testcase classname="tests.contract.test_admission_profile" name="test_adm07_period_missing_rejected" time="0.001" /><testcase classname="tests.contract.test_admission_profile" name="test_adm08_no_root_privilege_path" time="0.001" /><testcase classname="tests.contract.test_admission_profile" name="test_adm09_rejected_reason_machine_readable" time="0.001" /><testcase classname="tests.contract.test_admission_profile" name="test_adm10_deterministic" time="0.001" /><testcase classname="tests.contract.test_announcement_collector" name="test_url_policy_rejects_non_official_or_ambiguous_urls[http://star.sse.com.cn/announcement.pdf]" time="0.001" /><testcase classname="tests.contract.test_announcement_collector" name="test_url_policy_rejects_non_official_or_ambiguous_urls[https://star.sse.com.cn.evil.example/announcement.pdf]" time="0.002" /><testcase classname="tests.contract.test_announcement_collector" name="test_url_policy_rejects_non_official_or_ambiguous_urls[https://user@star.sse.com.cn/announcement.pdf]" time="0.002" /><testcase classname="tests.contract.test_announcement_collector" name="test_url_policy_rejects_non_official_or_ambiguous_urls[https://star.sse.com.cn:8443/announcement.pdf]" time="0.002" /><testcase classname="tests.contract.test_announcement_collector" name="test_url_policy_rejects_non_official_or_ambiguous_urls[https://star.sse.com.cn/announcement.pdf#fragment]" time="0.002" /><testcase classname="tests.contract.test_announcement_collector" name="test_url_policy_rejects_non_official_or_ambiguous_urls[file:///tmp/announcement.pdf]" time="0.002" /><testcase classname="tests.contract.test_announcement_collector" name="test_url_policy_accepts_https_exchange_domains_and_normalizes_host[https://star.sse.com.cn/disclosure/listedinfo/announcement/c/new/2026-03-25/688012_20260325_404H.pdf]" time="0.004" /><testcase classname="tests.contract.test_announcement_collector" name="test_url_policy_accepts_https_exchange_domains_and_normalizes_host[https://static.sse.com.cn/disclosure/item.pdf]" time="0.003" /><testcase classname="tests.contract.test_announcement_collector" name="test_url_policy_accepts_https_exchange_domains_and_normalizes_host[https://disc.static.szse.cn/download/item.pdf?name=1]" time="0.003" /><testcase classname="tests.contract.test_announcement_collector" name="test_url_policy_accepts_https_exchange_domains_and_normalizes_host[https://www.szse.cn/disclosure/item.pdf]" time="0.003" /><testcase classname="tests.contract.test_announcement_collector" name="test_redirect_handler_rejects_redirect_before_request_leaves_official_domains" time="0.003" /><testcase classname="tests.contract.test_announcement_collector" name="test_collection_rejects_non_pdf_or_non_official_responses[response_overrides0-empty]" time="0.008" /><testcase classname="tests.contract.test_announcement_collector" name="test_collection_rejects_non_pdf_or_non_official_responses[response_overrides1-PDF magic]" time="0.008" /><testcase classname="tests.contract.test_announcement_collector" name="test_collection_rejects_non_pdf_or_non_official_responses[response_overrides2-EOF]" time="0.007" /><testcase classname="tests.contract.test_announcement_collector" name="test_collection_rejects_non_pdf_or_non_official_responses[response_overrides3-content type]" time="0.008" /><testcase classname="tests.contract.test_announcement_collector" name="test_collection_rejects_non_pdf_or_non_official_responses[response_overrides4-official]" time="0.008" /><testcase classname="tests.contract.test_announcement_collector" name="test_collection_rejects_response_above_explicit_size_limit" time="0.009" /><testcase classname="tests.contract.test_announcement_collector" name="test_collection_rejects_company_path_escape_before_fetch[../\u4e2d\u5fae\u516c\u53f8]" time="0.007" /><testcase classname="tests.contract.test_announcement_collector" name="test_collection_rejects_company_path_escape_before_fetch[\u4e2d\u5fae\u516c\u53f8/\u5176\u4ed6]" time="0.008" /><testcase classname="tests.contract.test_announcement_collector" name="test_collection_rejects_company_path_escape_before_fetch[\u4e2d\u5fae\u516c\u53f8\\\u5176\u4ed6]" time="0.005" /><testcase classname="tests.contract.test_announcement_collector" name="test_collection_rejects_company_path_escape_before_fetch[.]" time="0.006" /><testcase classname="tests.contract.test_announcement_collector" name="test_collection_rejects_company_path_escape_before_fetch[ \u4e2d\u5fae\u516c\u53f8]" time="0.007" /><testcase classname="tests.contract.test_announcement_collector" name="test_success_creates_content_addressed_raw_manifest_and_provenance" time="0.088" /><testcase classname="tests.contract.test_announcement_collector" name="test_repeat_collection_is_byte_stable_and_does_not_rewrite_files" time="0.110" /><testcase classname="tests.contract.test_announcement_collector" name="test_existing_raw_tamper_is_a_conflict_and_never_overwritten" time="0.040" /><testcase classname="tests.contract.test_announcement_collector" name="test_existing_manifest_tamper_is_a_conflict_and_never_overwritten" time="0.038" /><testcase classname="tests.contract.test_announcement_collector" name="test_crash_after_raw_and_manifest_is_recoverable_without_raw_rewrite" time="0.039" /><testcase classname="tests.contract.test_announcement_collector" name="test_download_reads_bounded_bytes_and_preserves_response_metadata" time="0.001" /><testcase classname="tests.contract.test_announcement_collector" name="test_collector_module_is_single_threaded_and_create_only" time="0.014" /><testcase classname="tests.contract.test_announcement_collector" name="test_cli_has_separate_collect_surface_and_canonical_stdout" time="0.065" /><testcase classname="tests.contract.test_announcement_collector" name="test_cli_rejects_bad_url_without_stdout_or_files" time="0.007" /><testcase classname="tests.contract.test_announcement_collector" name="test_console_script_and_contract_documentation_are_published" time="0.002" /><testcase classname="tests.contract.test_architecture_gate" name="test_source_catalog_does_not_import_prohibited_modules" time="0.090" /><testcase classname="tests.contract.test_architecture_gate" name="test_rejected_stages_covers_all_investment_stages" time="0.002" /><testcase classname="tests.contract.test_architecture_gate" name="test_scheduler_policy_blocks_valuation_and_research" time="0.002" /><testcase classname="tests.contract.test_architecture_gate" name="test_fc205_production_resolver_reads_runtime_policy_snapshot" time="0.003" /><testcase classname="tests.contract.test_architecture_gate" name="test_fc205_no_hardcoded_flag_dicts_in_production" time="0.026" /><testcase classname="tests.contract.test_architecture_gate" name="test_fc205_no_legacy_container_read_outside_resolver" time="0.029" /><testcase classname="tests.contract.test_architecture_gate" name="test_fc205_t4_minimal_cohort_rollback_changes_response" time="0.071" /><testcase classname="tests.contract.test_assertion_ledger_v2" name="test_schema_constant_has_v2_columns" time="0.001" /><testcase classname="tests.contract.test_assertion_ledger_v2" name="test_migration_adds_columns_and_keeps_v1_row" time="0.091" /><testcase classname="tests.contract.test_assertion_ledger_v2" name="test_migration_idempotent" time="0.087" /><testcase classname="tests.contract.test_assertion_ledger_v2" name="test_visibility_default_legacy" time="0.086" /><testcase classname="tests.contract.test_assertion_ledger_v2" name="test_decision_and_visibility_independent" time="0.002" /><testcase classname="tests.contract.test_assertion_ledger_v2" name="test_schema_constant_single_source" time="0.002" /><testcase classname="tests.contract.test_assertion_service" name="test_verified_assertion_resolves_by_document_id" time="0.060" /><testcase classname="tests.contract.test_assertion_service" name="test_preview_writes_candidate_and_verify_promotes" time="0.057" /><testcase classname="tests.contract.test_assertion_service" name="test_candidate_not_returned_by_get_verified" time="0.047" /><testcase classname="tests.contract.test_assertion_service" name="test_hash_mismatch_rejected" time="0.047" /><testcase classname="tests.contract.test_assertion_service" name="test_append_only_no_update_delete" time="0.099" /><testcase classname="tests.contract.test_assertion_service" name="test_second_verify_supersedes_prior_verified_same_evidence" time="0.107" /><testcase classname="tests.contract.test_assertion_service" name="test_conflict_on_different_evidence_returns_none" time="0.097" /><testcase classname="tests.contract.test_assertion_service" name="test_reject_only_candidate" time="0.100" /><testcase classname="tests.contract.test_assertion_service" name="test_second_verify_supersedes_prior_verified_and_resolves_to_latest" time="0.099" /><testcase classname="tests.contract.test_assertion_upsert" name="test_tx01_failure_rolls_back_everything" time="0.049" /><testcase classname="tests.contract.test_assertion_upsert" name="test_tx02_same_key_upserts_once" time="0.063" /><testcase classname="tests.contract.test_assertion_upsert" name="test_tx03_metadata_change_appends_new_assertion_keeps_old" time="0.067" /><testcase classname="tests.contract.test_assertion_upsert" name="test_shadow_visibility_never_active" time="0.057" /><testcase classname="tests.contract.test_automation_cli" name="test_cli_file_exists_before_contract_execution" time="0.003" /><testcase classname="tests.contract.test_automation_cli" name="test_help_is_available_without_store_or_network" time="0.136" /><testcase classname="tests.contract.test_automation_cli" name="test_status_json_is_stable_honest_and_read_only" time="0.123" /><testcase classname="tests.contract.test_automation_cli" name="test_doctor_json_requires_no_llm_key_network_or_writes" time="0.129" /><testcase classname="tests.contract.test_automation_cli" name="test_cli_does_not_echo_secret_environment_values" time="0.358" /><testcase classname="tests.contract.test_automation_cli" name="test_unknown_command_has_argparse_exit_code_and_no_files" time="0.120" /><testcase classname="tests.contract.test_automation_cli" name="test_mutating_and_future_commands_are_not_exposed_in_auto_1" time="0.457" /><testcase classname="tests.contract.test_automation_store_boundary" name="test_migrations_module_exists" time="0.001" /><testcase classname="tests.contract.test_automation_store_boundary" name="test_store_module_exists" time="0.002" /><testcase classname="tests.contract.test_automation_store_boundary" name="test_b01_migrations_no_forbidden_tokens" time="0.002" /><testcase classname="tests.contract.test_automation_store_boundary" name="test_b01_store_no_forbidden_tokens" time="0.002" /><testcase classname="tests.contract.test_automation_store_boundary" name="test_b01_registry_no_forbidden_tokens" time="0.002" /><testcase classname="tests.contract.test_automation_store_boundary" name="test_b01_policy_no_forbidden_tokens" time="0.002" /><testcase classname="tests.contract.test_automation_store_boundary" name="test_b01_planner_no_forbidden_tokens" time="0.002" /><testcase classname="tests.contract.test_automation_store_boundary" name="test_b01_retry_no_forbidden_tokens" time="0.002" /><testcase classname="tests.contract.test_automation_store_boundary" name="test_b01_outbox_no_forbidden_tokens" time="0.003" /><testcase classname="tests.contract.test_automation_store_boundary" name="test_b01_worker_no_forbidden_tokens" time="0.002" /><testcase classname="tests.contract.test_automation_store_boundary" name="test_b01_event_sources_no_forbidden_tokens" time="0.002" /><testcase classname="tests.contract.test_automation_store_boundary" name="test_b01_controller_no_forbidden_tokens" time="0.002" /><testcase classname="tests.contract.test_automation_store_boundary" name="test_b01_gold_review_no_forbidden_tokens" time="0.002" /><testcase classname="tests.contract.test_automation_store_boundary" name="test_b01_human_inbox_no_forbidden_tokens" time="0.002" /><testcase classname="tests.contract.test_automation_store_boundary" name="test_b01_store_imports_only_allowed_modules" time="0.002" /><testcase classname="tests.contract.test_automation_store_boundary" name="test_b02_no_default_db_paths_in_source" time="0.002" /><testcase classname="tests.contract.test_automation_store_boundary" name="test_b02_no_default_db_paths_in_tests" time="0.002" /><testcase classname="tests.contract.test_backfill_buckets_fc402" name="test_eligible_when_all_fields_provable" time="0.001" /><testcase classname="tests.contract.test_backfill_buckets_fc402" name="test_needs_review_when_period_not_provable" time="0.001" /><testcase classname="tests.contract.test_backfill_buckets_fc402" name="test_unprovable_when_identity_weak" time="0.001" /><testcase classname="tests.contract.test_backfill_buckets_fc402" name="test_unprovable_when_critical_field_missing" time="0.001" /><testcase classname="tests.contract.test_backfill_buckets_fc402" name="test_retired_or_conflict_when_source_conflicts" time="0.001" /><testcase classname="tests.contract.test_backfill_buckets_fc402" name="test_filename_never_makes_capture_ready" time="0.002" /><testcase classname="tests.contract.test_backfill_buckets_fc402" name="test_all_documents_classify_into_closed_set" time="0.001" /><testcase classname="tests.contract.test_backfill_buckets_fc402" name="test_weak_identity_without_period_is_unprovable_not_review" time="0.001" /><testcase classname="tests.contract.test_backfill_buckets_fc402" name="test_http_source_url_is_unprovable" time="0.001" /><testcase classname="tests.contract.test_backfill_v2" name="test_bf01_strong_doc_constructs_verified_shadow_assertion" time="0.074" /><testcase classname="tests.contract.test_backfill_v2" name="test_bf02_missing_period_end_goes_to_remediation_not_success" time="0.077" /><testcase classname="tests.contract.test_backfill_v2" name="test_bf03_missing_source_url_goes_to_remediation_not_success" time="0.073" /><testcase classname="tests.contract.test_backfill_v2" name="test_bf04_weak_identity_goes_to_remediation" time="0.064" /><testcase classname="tests.contract.test_backfill_v2" name="test_bf05_reconciliation_closes_exactly" time="0.067" /><testcase classname="tests.contract.test_backfill_v2" name="test_bf06_conflict_is_never_success" time="0.063" /><testcase classname="tests.contract.test_backfill_v2" name="test_bf07_retired_stays_retired" time="0.078" /><testcase classname="tests.contract.test_backfill_v2" name="test_bf08_dry_run_writes_nothing" time="0.090" /><testcase classname="tests.contract.test_bundle_snapshot_contract" name="test_bundle_query_has_no_write_imports" time="0.006" /><testcase classname="tests.contract.test_bundle_snapshot_contract" name="test_snapshot_consistency_contract" time="0.002" /><testcase classname="tests.contract.test_bundle_snapshot_contract" name="test_bundle_roles_deterministic_selection" time="0.001" /><testcase classname="tests.contract.test_canary_registry_fc504" name="test_fc504_absolute_path_rejected" time="0.001" /><testcase classname="tests.contract.test_canary_registry_fc504" name="test_fc504_valid_descriptor_accepted" time="0.001" /><testcase classname="tests.contract.test_canary_registry_fc504" name="test_fc504_sample_id_must_match_hash" time="0.001" /><testcase classname="tests.contract.test_canary_registry_fc504" name="test_fc504_sample_id_formula_is_root_and_path" time="0.002" /><testcase classname="tests.contract.test_canary_registry_fc504" name="test_fc504_exclusive_when_hash_absent_elsewhere" time="0.031" /><testcase classname="tests.contract.test_canary_registry_fc504" name="test_fc504_not_exclusive_when_hash_present_elsewhere" time="0.039" /><testcase classname="tests.contract.test_canary_registry_fc504" name="test_fc504_decision_needs_user_samples_when_no_eligible" time="0.001" /><testcase classname="tests.contract.test_canary_registry_fc504" name="test_fc504_decision_uses_eligible_candidates" time="0.001" /><testcase classname="tests.contract.test_canonical_ingest_service" name="test_public_ingest_name_is_the_canonical_source_only_service" time="0.013" /><testcase classname="tests.contract.test_canonical_ingest_service" name="test_canonical_module_has_no_research_writer_or_runtime_dependencies" time="0.003" /><testcase classname="tests.contract.test_canonical_ingest_service" name="test_parser_result_is_immutable_and_builds_the_published_span_contract" time="0.011" /><testcase classname="tests.contract.test_canonical_ingest_service" name="test_ingest_verifies_raw_and_emits_only_manifest_and_evidence" time="0.015" /><testcase classname="tests.contract.test_canonical_ingest_service" name="test_ingest_fails_closed_when_raw_bytes_drift_without_size_change" time="0.022" /><testcase classname="tests.contract.test_canonical_ingest_service" name="test_ingest_rejects_parser_result_for_another_source" time="0.015" /><testcase classname="tests.contract.test_canonical_ingest_service" name="test_ingest_rejects_conflicting_outputs_at_one_locator" time="0.015" /><testcase classname="tests.contract.test_canonical_ingest_service" name="test_identical_replay_and_incremental_replay_are_byte_identical" time="0.019" /><testcase classname="tests.contract.test_canonical_ingest_service" name="test_ingest_is_read_only_across_success_and_failure" time="0.019" /><testcase classname="tests.contract.test_canonical_ingest_service" name="test_announcement_receipt_adapter_uses_the_general_ingest_path" time="0.013" /><testcase classname="tests.contract.test_canonical_ingest_service" name="test_announcement_adapter_revalidates_receipt_identity" time="0.022" /><testcase classname="tests.contract.test_canonical_ingest_service" name="test_parser_result_and_service_expose_no_downstream_research_state" time="0.002" /><testcase classname="tests.contract.test_capacity_concurrency" name="test_cap01_unchanged_file_not_rehashed" time="0.209" /><testcase classname="tests.contract.test_capacity_concurrency" name="test_cap02_mtime_change_triggers_rehash" time="0.146" /><testcase classname="tests.contract.test_capacity_concurrency" name="test_cap03_mtime_tamper_with_same_size_still_rehashed" time="0.134" /><testcase classname="tests.contract.test_capacity_concurrency" name="test_cap04_ten_concurrent_resolves_no_deadlock_no_mixing" time="0.135" /><testcase classname="tests.contract.test_capacity_concurrency" name="test_cap05_concurrent_reads_never_write" time="0.063" /><testcase classname="tests.contract.test_check_unique_test_symbols" name="test_duplicate_test_definition_fails" time="0.102" /><testcase classname="tests.contract.test_check_unique_test_symbols" name="test_unique_definitions_pass" time="0.110" /><testcase classname="tests.contract.test_check_unique_test_symbols" name="test_same_name_in_different_classes_is_not_duplicate" time="0.109" /><testcase classname="tests.contract.test_check_unique_test_symbols" name="test_syntax_error_is_reported_as_failure" time="0.100" /><testcase classname="tests.contract.test_check_unique_test_symbols" name="test_whole_repo_passes_currently" time="0.487" /><testcase classname="tests.contract.test_close_gap_fc801" name="test_cg01_stale_policy_hash_fetch_zero" time="0.045" /><testcase classname="tests.contract.test_close_gap_fc801" name="test_cg02_stale_gap_hash_fetch_zero" time="0.038" /><testcase classname="tests.contract.test_close_gap_fc801" name="test_cg03_expired_authorization_fetch_zero" time="0.036" /><testcase classname="tests.contract.test_close_gap_fc801" name="test_cg04_invalid_staging_no_commit_cleanup" time="0.077" /><testcase classname="tests.contract.test_close_gap_fc801" name="test_cg05_rerun_is_idempotent" time="0.227" /><testcase classname="tests.contract.test_close_gap_fc801" name="test_cg06_fetch_failure_is_failed_not_complete" time="0.078" /><testcase classname="tests.contract.test_close_gap_fc801" name="test_cg07_success_downloaded_new_envelope" time="0.187" /><testcase classname="tests.contract.test_close_gap_fc801" name="test_zr407_newer_revision_is_actionable_authorized_candidate" time="0.049" /><testcase classname="tests.contract.test_company_raw_adapter" name="test_parity_with_scanner_v1" time="0.043" /><testcase classname="tests.contract.test_company_raw_adapter" name="test_sidecar_metadata_pairs_correctly" time="0.047" /><testcase classname="tests.contract.test_company_raw_adapter" name="test_sec_identity_backfill" time="0.051" /><testcase classname="tests.contract.test_company_raw_adapter" name="test_adapter_read_only" time="0.026" /><testcase classname="tests.contract.test_company_raw_adapter" name="test_adapter_deterministic" time="0.014" /><testcase classname="tests.contract.test_cross_root_dedup_fc603" name="test_fc603_ex04_same_bytes_one_document_canonical" time="0.185" /><testcase classname="tests.contract.test_cross_root_dedup_fc603" name="test_fc603_ex04_canonical_stable_across_scan_order" time="0.213" /><testcase classname="tests.contract.test_cross_root_dedup_fc603" name="test_fc603_ex04_priority_beats_alphabetical_root_id" time="0.120" /><testcase classname="tests.contract.test_cross_root_dedup_fc603" name="test_fc603_ex05_same_company_year_diff_pdoc_exact_select" time="0.153" /><testcase classname="tests.contract.test_cross_root_dedup_fc603" name="test_fc603_ex06_amended_original_stable_revision_rule" time="0.002" /><testcase classname="tests.contract.test_cross_root_dedup_fc603" name="test_fc603_ar09_artifact_shared_across_roots" time="0.123" /><testcase classname="tests.contract.test_cw_228_backfill" name="test_backfill_unsupported_has_terminal_reason" time="1.917" /><testcase classname="tests.contract.test_cw_228_backfill" name="test_backfill_terminal_reason_distinguishes_empty_from_parse_failure" time="1.850" /><testcase classname="tests.contract.test_cw_228_backfill" name="test_parser_failure_does_not_block_next_document" time="5.318" /><testcase classname="tests.contract.test_cw_228_backfill" name="test_failed_documents_have_retryable_status" time="3.569" /><testcase classname="tests.contract.test_cw_228_backfill" name="test_backfill_cli_shows_eligible_pending_counts" time="2.727" /><testcase classname="tests.contract.test_cw_228_backfill" name="test_backfill_report_includes_current_path" time="1.816" /><testcase classname="tests.contract.test_cw_228_backfill" name="test_t2_07_should_stop_finishes_current_file_then_stops" time="10.058" /><testcase classname="tests.contract.test_cw_228_backfill" name="test_exact_copy_groups_unchanged_after_backfill" time="1.910" /><testcase classname="tests.contract.test_cw_228_backfill" name="test_semantic_groups_reachable_after_backfill" time="3.887" /><testcase classname="tests.contract.test_cw_228_backfill" name="test_t2_03_success_text_writes_fingerprint_and_state_atomically" time="1.894" /><testcase classname="tests.contract.test_cw_228_backfill" name="test_t2_04_empty_text_terminal_is_not_re_selected" time="3.681" /><testcase classname="tests.contract.test_cw_228_backfill" name="test_t2_05_retry_backoff_and_three_strike_failed_terminal" time="5.533" /><testcase classname="tests.contract.test_cw_228_backfill" name="test_t2_06_limit_reports_global_backlog" time="12.173" /><testcase classname="tests.contract.test_cw_228_backfill" name="test_t2_14_raw_immutability_after_backfill" time="9.413" /><testcase classname="tests.contract.test_cw_228_receipt" name="test_schema_file_is_loadable_json_schema" time="0.001" /><testcase classname="tests.contract.test_cw_228_receipt" name="test_valid_pass_receipt_is_accepted" time="0.002" /><testcase classname="tests.contract.test_cw_228_receipt" name="test_valid_fail_receipt_with_nonzero_exit_is_accepted" time="0.003" /><testcase classname="tests.contract.test_cw_228_receipt" name="test_valid_red_contract_pass_receipt_is_accepted" time="0.002" /><testcase classname="tests.contract.test_cw_228_receipt" name="test_red_contract_without_attesting_invariant_is_rejected" time="0.001" /><testcase classname="tests.contract.test_cw_228_receipt" name="test_case1_missing_required_field_rejected" time="0.002" /><testcase classname="tests.contract.test_cw_228_receipt" name="test_case2_invalid_status_rejected" time="0.002" /><testcase classname="tests.contract.test_cw_228_receipt" name="test_case3_nonzero_exit_with_pass_rejected" time="0.003" /><testcase classname="tests.contract.test_cw_228_receipt" name="test_case4_skip_or_xfail_with_pass_rejected" time="0.002" /><testcase classname="tests.contract.test_cw_228_receipt" name="test_case10_high_confidence_secret_rejected" time="0.002" /><testcase classname="tests.contract.test_cw_228_receipt" name="test_chain_valid_two_phase_pass" time="0.054" /><testcase classname="tests.contract.test_cw_228_receipt" name="test_case5_phase_order_jump_rejected" time="0.038" /><testcase classname="tests.contract.test_cw_228_receipt" name="test_case6_previous_receipt_not_pass_rejected" time="0.032" /><testcase classname="tests.contract.test_cw_228_receipt" name="test_case7_index_sha_mismatch_rejected" time="0.021" /><testcase classname="tests.contract.test_cw_228_receipt" name="test_case8_index_points_to_missing_file_rejected" time="0.023" /><testcase classname="tests.contract.test_cw_228_receipt" name="test_case9_legacy_receipt_cannot_be_indexed_as_attempt" time="0.026" /><testcase classname="tests.contract.test_cw_228_receipt" name="test_index_missing_is_reported" time="0.008" /><testcase classname="tests.contract.test_dayu_adapter" name="test_enumerate_with_meta_enrichment" time="0.048" /><testcase classname="tests.contract.test_dayu_adapter" name="test_deterministic_and_read_only" time="0.023" /><testcase classname="tests.contract.test_dayu_adapter" name="test_missing_meta_degrades_gracefully" time="0.018" /><testcase classname="tests.contract.test_dayu_adapter" name="test_multiple_tickers" time="0.037" /><testcase classname="tests.contract.test_dayu_adapter_fc602" name="test_fc602_adapter_enriches_dayu_metadata" time="0.075" /><testcase classname="tests.contract.test_dayu_adapter_fc602" name="test_fc602_edgar_url_constructed" time="0.050" /><testcase classname="tests.contract.test_dayu_adapter_fc602" name="test_fc602_metadata_only_group_skipped" time="0.038" /><testcase classname="tests.contract.test_dayu_adapter_fc602" name="test_fc602_frozen_dayu_trace_parity" time="0.049" /><testcase classname="tests.contract.test_dayu_adapter_fc602" name="test_fc602_ex02_dayu_only_exact_reuse" time="0.126" /><testcase classname="tests.contract.test_dayu_adapter_fc602" name="test_fc602_incomplete_dayu_not_reused" time="0.117" /><testcase classname="tests.contract.test_dbx_fixture_e2e" name="test_dbx_08_sidecar_hash_wrong_admission_rejects" time="0.034" /><testcase classname="tests.contract.test_dbx_fixture_e2e" name="test_dbx_09_non_focus_generic_not_filing" time="0.033" /><testcase classname="tests.contract.test_dbx_fixture_e2e" name="test_dbx_12_broker_report_mislabeled_annual_rejected" time="0.027" /><testcase classname="tests.contract.test_dbx_fixture_e2e" name="test_dbx_14_amended_version_both_kept" time="0.065" /><testcase classname="tests.contract.test_dbx_fixture_e2e" name="test_dbx_01_reuse_semantics_pending_resolver" time="0.016" /><testcase classname="tests.contract.test_disaster_drill_fc405" name="test_drill_interrupt_resume_converges" time="0.075" /><testcase classname="tests.contract.test_disaster_drill_fc405" name="test_drill_journal_write_failure_is_atomic" time="0.065" /><testcase classname="tests.contract.test_disaster_drill_fc405" name="test_drill_rollback_then_rerun" time="0.076" /><testcase classname="tests.contract.test_disaster_drill_fc405" name="test_drill_stale_schema_refused" time="0.059" /><testcase classname="tests.contract.test_disaster_drill_fc405" name="test_drill_duplicate_assertion_idempotent" time="0.067" /><testcase classname="tests.contract.test_disaster_drill_fc405" name="test_drill_restore_point_hashes" time="0.094" /><testcase classname="tests.contract.test_dropbox_governance_fc503" name="test_fc503_complete_sidecar_inventoried_as_filing" time="0.032" /><testcase classname="tests.contract.test_dropbox_governance_fc503" name="test_fc503_pingan_weak_identity_stays_unprovable" time="0.041" /><testcase classname="tests.contract.test_dropbox_governance_fc503" name="test_fc503_filename_hint_never_upgrades_pingan" time="0.023" /><testcase classname="tests.contract.test_dropbox_governance_fc503" name="test_fc503_pingan_guard_blocks_unreviewed_promotion" time="0.027" /><testcase classname="tests.contract.test_dropbox_governance_fc503" name="test_fc503_missing_fields_reported_per_bucket" time="0.036" /><testcase classname="tests.contract.test_dropbox_governance_fc503" name="test_fc503_duplicate_location_sets_reported_no_delete" time="0.127" /><testcase classname="tests.contract.test_dropbox_governance_fc503" name="test_fc503_inventory_read_only_and_deterministic" time="0.069" /><testcase classname="tests.contract.test_dropbox_root_policy_fc501" name="test_dbx02_no_sidecar_reuse_rejected" time="0.005" /><testcase classname="tests.contract.test_dropbox_root_policy_fc501" name="test_dbx03_sidecar_hash_mismatch_fails_closed" time="0.012" /><testcase classname="tests.contract.test_dropbox_root_policy_fc501" name="test_dbx04_broker_report_not_filing" time="0.013" /><testcase classname="tests.contract.test_dropbox_root_policy_fc501" name="test_dbx05_symlink_escape_rejected" time="0.006"><skipped type="pytest.skip" message="symlinks not supported on this host">C:\Users\郑曾波\Projects\company-wiki\tests\contract\test_dropbox_root_policy_fc501.py:135: symlinks not supported on this host</skipped></testcase><testcase classname="tests.contract.test_dropbox_root_policy_fc501" name="test_dbx06_retired_not_revived" time="0.047" /><testcase classname="tests.contract.test_dropbox_root_policy_fc501" name="test_dropbox_root_policy_contract" time="0.022" /><testcase classname="tests.contract.test_evidence_span_contract" name="test_schema_is_versioned_strict_and_packaged" time="0.003" /><testcase classname="tests.contract.test_evidence_span_contract" name="test_create_builds_canonical_text_locator_and_content_hashes" time="0.001" /><testcase classname="tests.contract.test_evidence_span_contract" name="test_create_builds_table_cell_and_character_locator_in_fixed_order" time="0.001" /><testcase classname="tests.contract.test_evidence_span_contract" name="test_parser_upgrade_with_identical_output_preserves_span_identity" time="0.001" /><testcase classname="tests.contract.test_evidence_span_contract" name="test_structured_json_key_order_does_not_change_output_or_span_identity" time="0.003" /><testcase classname="tests.contract.test_evidence_span_contract" name="test_structured_value_is_recursively_immutable" time="0.002" /><testcase classname="tests.contract.test_evidence_span_contract" name="test_coordinates_reject_ambiguous_or_invalid_combinations[kwargs0]" time="0.001" /><testcase classname="tests.contract.test_evidence_span_contract" name="test_coordinates_reject_ambiguous_or_invalid_combinations[kwargs1]" time="0.001" /><testcase classname="tests.contract.test_evidence_span_contract" name="test_coordinates_reject_ambiguous_or_invalid_combinations[kwargs2]" time="0.001" /><testcase classname="tests.contract.test_evidence_span_contract" name="test_coordinates_reject_ambiguous_or_invalid_combinations[kwargs3]" time="0.001" /><testcase classname="tests.contract.test_evidence_span_contract" name="test_coordinates_reject_ambiguous_or_invalid_combinations[kwargs4]" time="0.002" /><testcase classname="tests.contract.test_evidence_span_contract" name="test_coordinates_reject_ambiguous_or_invalid_combinations[kwargs5]" time="0.002" /><testcase classname="tests.contract.test_evidence_span_contract" name="test_coordinates_reject_ambiguous_or_invalid_combinations[kwargs6]" time="0.001" /><testcase classname="tests.contract.test_evidence_span_contract" name="test_coordinates_reject_ambiguous_or_invalid_combinations[kwargs7]" time="0.001" /><testcase classname="tests.contract.test_evidence_span_contract" name="test_coordinates_reject_ambiguous_or_invalid_combinations[kwargs8]" time="0.001" /><testcase classname="tests.contract.test_evidence_span_contract" name="test_coordinates_reject_ambiguous_or_invalid_combinations[kwargs9]" time="0.001" /><testcase classname="tests.contract.test_evidence_span_contract" name="test_span_rejects_invalid_contract_values[source_id-gk-bh-2025-ar]" time="0.002" /><testcase classname="tests.contract.test_evidence_span_contract" name="test_span_rejects_invalid_contract_values[parser_name-]" time="0.003" /><testcase classname="tests.contract.test_evidence_span_contract" name="test_span_rejects_invalid_contract_values[parser_version-latest]" time="0.001" /><testcase classname="tests.contract.test_evidence_span_contract" name="test_span_rejects_invalid_contract_values[parse_status-accepted]" time="0.001" /><testcase classname="tests.contract.test_evidence_span_contract" name="test_span_rejects_invalid_contract_values[quality_flags-value4]" time="0.001" /><testcase classname="tests.contract.test_evidence_span_contract" name="test_span_rejects_invalid_contract_values[raw_text-bytes are not canonical JSON text]" time="0.001" /><testcase classname="tests.contract.test_evidence_span_contract" name="test_span_rejects_noncanonical_or_non_json_structured_values[nan]" time="0.001" /><testcase classname="tests.contract.test_evidence_span_contract" name="test_span_rejects_noncanonical_or_non_json_structured_values[inf]" time="0.001" /><testcase classname="tests.contract.test_evidence_span_contract" name="test_span_rejects_noncanonical_or_non_json_structured_values[structured_value2]" time="0.001" /><testcase classname="tests.contract.test_evidence_span_contract" name="test_span_rejects_noncanonical_or_non_json_structured_values[structured_value3]" time="0.001" /><testcase classname="tests.contract.test_evidence_span_contract" name="test_span_rejects_noncanonical_or_non_json_structured_values[e\u0301]" time="0.002" /><testcase classname="tests.contract.test_evidence_span_contract" name="test_parse_status_output_and_quality_invariants[parsed-None-None-quality_flags0]" time="0.003" /><testcase classname="tests.contract.test_evidence_span_contract" name="test_parse_status_output_and_quality_invariants[partial-partial-None-quality_flags1]" time="0.002" /><testcase classname="tests.contract.test_evidence_span_contract" name="test_parse_status_output_and_quality_invariants[failed-unexpected output-None-quality_flags2]" time="0.002" /><testcase classname="tests.contract.test_evidence_span_contract" name="test_parse_status_output_and_quality_invariants[failed-None-None-quality_flags3]" time="0.002" /><testcase classname="tests.contract.test_evidence_span_contract" name="test_parse_status_output_and_quality_invariants[quarantined-suspect-None-quality_flags4]" time="0.002" /><testcase classname="tests.contract.test_evidence_span_contract" name="test_partial_failed_and_quarantined_statuses_have_valid_forms" time="0.003" /><testcase classname="tests.contract.test_evidence_span_contract" name="test_create_normalizes_quality_flags_but_from_dict_rejects_duplicates" time="0.002" /><testcase classname="tests.contract.test_evidence_span_contract" name="test_from_dict_rejects_unknown_or_missing_fields" time="0.002" /><testcase classname="tests.contract.test_evidence_span_contract" name="test_from_dict_rejects_unknown_coordinate_fields" time="0.002" /><testcase classname="tests.contract.test_evidence_span_contract" name="test_from_dict_rejects_locator_output_hash_or_identity_mismatch[locator]" time="0.002" /><testcase classname="tests.contract.test_evidence_span_contract" name="test_from_dict_rejects_locator_output_hash_or_identity_mismatch[output_sha256]" time="0.002" /><testcase classname="tests.contract.test_evidence_span_contract" name="test_from_dict_rejects_locator_output_hash_or_identity_mismatch[span_id]" time="0.002" /><testcase classname="tests.contract.test_evidence_span_contract" name="test_quality_flags_are_extraction_only_and_schema_has_no_research_state" time="0.002" /><testcase classname="tests.contract.test_evidence_span_contract" name="test_schema_documentation_lists_every_field_and_semantic_boundary" time="0.002" /><testcase classname="tests.contract.test_fc1201_root_hardcode_gate" name="test_fc1201_allowlist_ratchet_frozen" time="0.001" /><testcase classname="tests.contract.test_fc1201_root_hardcode_gate" name="test_fc1201_comment_only_files_left_allowlist" time="0.001" /><testcase classname="tests.contract.test_fc1201_root_hardcode_gate" name="test_fc1201_cleaned_files_are_token_free" time="0.003" /><testcase classname="tests.contract.test_fc1201_root_hardcode_gate" name="test_fc1201_gate_green_after_cleanup" time="0.027" /><testcase classname="tests.contract.test_fc1201_root_hardcode_gate" name="test_fc1201_gate_still_detects_new_hardcode" time="0.016" /><testcase classname="tests.contract.test_fc1203_dead_helpers_absent" name="test_deleted_modules_are_unimportable" time="0.002" /><testcase classname="tests.contract.test_fc1203_dead_helpers_absent" name="test_deleted_attributes_are_absent" time="0.001" /><testcase classname="tests.contract.test_fc1203_dead_helpers_absent" name="test_deleted_files_are_gone" time="0.001" /><testcase classname="tests.contract.test_fc1203_extractive_summary_binding" name="test_extractive_summary_generator_is_registered" time="0.002" /><testcase classname="tests.contract.test_fc1203_extractive_summary_binding" name="test_extractive_summary_artifact_is_v2_bindable" time="1.093" /><testcase classname="tests.contract.test_fc1203_extractive_summary_binding" name="test_extractive_summary_writes_schema_version_column" time="1.045" /><testcase classname="tests.contract.test_fc1204_complexity_ratchet" name="test_complexity_ratchet_frozen_files_do_not_worsen" time="0.655" /><testcase classname="tests.contract.test_fc1204_complexity_ratchet" name="test_complexity_ratchet_new_files_stay_simple" time="0.047" /><testcase classname="tests.contract.test_fc1204_coverage_ratchet" name="test_tier1_critical_chain_at_95" time="0.001"><skipped type="pytest.skip" message="coverage gate runs as a separate step (FC1204_COVERAGE_GATE=1)">C:\Users\郑曾波\Projects\company-wiki\tests\contract\test_fc1204_coverage_ratchet.py:125: coverage gate runs as a separate step (FC1204_COVERAGE_GATE=1)</skipped></testcase><testcase classname="tests.contract.test_fc1204_coverage_ratchet" name="test_tier2_and_frozen_do_not_regress" time="0.001"><skipped type="pytest.skip" message="coverage gate runs as a separate step (FC1204_COVERAGE_GATE=1)">C:\Users\郑曾波\Projects\company-wiki\tests\contract\test_fc1204_coverage_ratchet.py:125: coverage gate runs as a separate step (FC1204_COVERAGE_GATE=1)</skipped></testcase><testcase classname="tests.contract.test_fc1204_tier1_gaps" name="test_processing_priority_sql_rejects_invalid_alias" time="0.002" /><testcase classname="tests.contract.test_fc1204_tier1_gaps" name="test_focus_admission_rejects_path_traversal" time="0.001" /><testcase classname="tests.contract.test_fc1204_tier1_gaps" name="test_focus_admission_rejects_explicit_kind_not_allowed" time="0.001" /><testcase classname="tests.contract.test_fc1204_tier1_gaps" name="test_focus_admission_recognizes_semi_annual_form_h1" time="0.001" /><testcase classname="tests.contract.test_fc1204_tier1_gaps" name="test_policy_export_redacts_path_outside_project_root" time="0.004" /><testcase classname="tests.contract.test_fc1204_tier1_gaps" name="test_restore_asset_rejects_multi_or_spacey_document_ids" time="0.001" /><testcase classname="tests.contract.test_fc1204_tier1_gaps" name="test_restore_asset_rejects_incomplete_v2_metadata" time="0.002" /><testcase classname="tests.contract.test_fc1204_tier1_gaps" name="test_restore_asset_requires_restore_reason" time="0.002" /><testcase classname="tests.contract.test_fc1204_tier1_gaps" name="test_restore_asset_success_path_and_revert" time="0.001" /><testcase classname="tests.contract.test_fc1204_tier1_gaps" name="test_scheduler_policy_rejects_bad_schema_version" time="0.001" /><testcase classname="tests.contract.test_fc1204_tier1_gaps" name="test_scheduler_policy_rejects_untrimmed_catalog_method" time="0.001" /><testcase classname="tests.contract.test_fc1204_tier1_gaps" name="test_set_visibility_rejects_unknown_state" time="0.001" /><testcase classname="tests.contract.test_fc1204_tier1_gaps" name="test_set_visibility_only_flips_the_target_row" time="0.001" /><testcase classname="tests.contract.test_fc1301_reason_taxonomy" name="test_taxonomy_version_current" time="0.001" /><testcase classname="tests.contract.test_fc1301_reason_taxonomy" name="test_every_emitted_reason_is_registered" time="0.023" /><testcase classname="tests.contract.test_fc1301_reason_taxonomy" name="test_registry_values_are_documented" time="0.002" /><testcase classname="tests.contract.test_fc902_bundle_in_resolver" name="test_b01_available_bundle_on_reuse" time="0.149" /><testcase classname="tests.contract.test_fc902_bundle_in_resolver" name="test_b02_unavailable_without_bundle" time="0.101" /><testcase classname="tests.contract.test_fc902_bundle_in_resolver" name="test_b03_snapshot_consistency_fail_closed" time="0.130" /><testcase classname="tests.contract.test_fc902_bundle_in_resolver" name="test_b04_unknown_role_fail_closed" time="0.131" /><testcase classname="tests.contract.test_fc902_bundle_in_resolver" name="test_b05_policy_epoch_shared_with_bundle" time="0.097" /><testcase classname="tests.contract.test_fc902_bundle_in_resolver" name="test_b06_no_bundle_for_missing" time="0.086" /><testcase classname="tests.contract.test_fc902_bundle_in_resolver" name="test_b07_bundle_deterministic" time="0.115" /><testcase classname="tests.contract.test_fc905_receipt_envelope" name="test_pi01_reviewed_not_detected_forwarded" time="0.126" /><testcase classname="tests.contract.test_fc905_receipt_envelope" name="test_pi02_reviewed_detected_and_ignored_forwarded" time="0.109" /><testcase classname="tests.contract.test_fc905_receipt_envelope" name="test_pi03_no_review_is_explicit_not_reviewed" time="0.098" /><testcase classname="tests.contract.test_fc905_receipt_envelope" name="test_pi04_no_store_means_no_fabricated_counts" time="0.098" /><testcase classname="tests.contract.test_fc905_receipt_envelope" name="test_pi05_counts_from_journal_not_output" time="0.131" /><testcase classname="tests.contract.test_fc905_receipt_envelope" name="test_pi06_zero_events_is_honest_zero" time="0.110" /><testcase classname="tests.contract.test_fc905_receipt_envelope" name="test_pi07_trigger_journals_artifact_insert" time="0.103" /><testcase classname="tests.contract.test_fc905_receipt_envelope" name="test_pi08_review_write_validates" time="0.092" /><testcase classname="tests.contract.test_fc905_receipt_envelope" name="test_pi09_envelope_to_dict_deterministic" time="0.137" /><testcase classname="tests.contract.test_fc906a_producer_binding_metadata" name="test_normalized_artifact_is_v2_bindable" time="3.077" /><testcase classname="tests.contract.test_fc906a_producer_binding_metadata" name="test_sections_artifact_is_v2_bindable" time="2.858" /><testcase classname="tests.contract.test_fc906a_producer_binding_metadata" name="test_llm_summary_artifact_is_v2_bindable" time="1.610" /><testcase classname="tests.contract.test_fc906a_producer_binding_metadata" name="test_producer_writes_schema_version_COLUMN" time="2.632" /><testcase classname="tests.contract.test_fc906b_role_producer_contract" name="test_catalog_producers_write_only_registered_roles" time="0.004" /><testcase classname="tests.contract.test_fc906b_role_producer_contract" name="test_role_contract_document_is_valid" time="0.002" /><testcase classname="tests.contract.test_fc906b_role_producer_contract" name="test_role_matrix_is_complete" time="0.001" /><testcase classname="tests.contract.test_fc906c_normalize_queue_no_location" name="test_normalize_queue_prefers_document_with_active_location" time="1.123" /><testcase classname="tests.contract.test_fc906c_normalize_queue_no_location" name="test_primary_none_is_recorded_diagnostically" time="0.116" /><testcase classname="tests.contract.test_fixture_packaging" name="test_required_raw_fixtures_are_not_gitignored" time="0.150" /><testcase classname="tests.contract.test_future_root_config_only" name="test_ex08_config_only_future_root_scan" time="0.019" /><testcase classname="tests.contract.test_future_root_config_only" name="test_ex08_future_root_export_snapshot" time="0.020" /><testcase classname="tests.contract.test_future_root_config_only" name="test_gate_no_root_id_hardcode_in_production" time="0.024" /><testcase classname="tests.contract.test_future_root_config_only" name="test_gate_detects_root_id_hardcode" time="0.019" /><testcase classname="tests.contract.test_future_root_config_only" name="test_ex08_future_root_requires_no_scanner_edit" time="0.022" /><testcase classname="tests.contract.test_gold_corpus.TestAnnotationCompleteness" name="test_evidence_spans_file_exists" time="0.001" /><testcase classname="tests.contract.test_gold_corpus.TestAnnotationCompleteness" name="test_material_claims_file_exists" time="0.001" /><testcase classname="tests.contract.test_gold_corpus.TestAnnotationCompleteness" name="test_routing_targets_file_exists" time="0.002" /><testcase classname="tests.contract.test_gold_corpus.TestAnnotationCompleteness" name="test_contradictions_file_exists" time="0.001" /><testcase classname="tests.contract.test_gold_corpus.TestAnnotationCompleteness" name="test_expected_wiki_page_exists" time="0.001" /><testcase classname="tests.contract.test_gold_corpus.TestAnnotationCompleteness" name="test_quality_metrics_exists" time="0.001" /><testcase classname="tests.contract.test_gold_corpus.TestAnnotationConsistency" name="test_evidence_spans_referenced_by_claims" time="0.002" /><testcase classname="tests.contract.test_gold_corpus.TestAnnotationConsistency" name="test_claims_have_required_fields" time="0.002" /><testcase classname="tests.contract.test_gold_corpus.TestAnnotationConsistency" name="test_claim_types_valid" time="0.002" /><testcase classname="tests.contract.test_gold_corpus.TestAnnotationConsistency" name="test_materiality_levels_valid" time="0.002" /><testcase classname="tests.contract.test_gold_corpus.TestAnnotationConsistency" name="test_routing_confidence_valid" time="0.001" /><testcase classname="tests.contract.test_gold_corpus.TestNumericAccuracy" name="test_numeric_values_have_required_fields" time="0.001" /><testcase classname="tests.contract.test_gold_corpus.TestNumericAccuracy" name="test_numeric_values_are_numbers" time="0.001" /><testcase classname="tests.contract.test_gold_corpus.TestNumericAccuracy" name="test_currency_valid" time="0.001" /><testcase classname="tests.contract.test_gold_corpus.TestRoutingAccuracy" name="test_primary_entity_always_high_confidence" time="0.001" /><testcase classname="tests.contract.test_gold_corpus.TestRoutingAccuracy" name="test_ambiguity_flag_consistent" time="0.001" /><testcase classname="tests.contract.test_gold_corpus.TestRoutingAccuracy" name="test_irrelevant_not_expected" time="0.001" /><testcase classname="tests.contract.test_gold_corpus.TestContradictionHandling" name="test_contradictions_have_resolution" time="0.001" /><testcase classname="tests.contract.test_gold_corpus.TestContradictionHandling" name="test_corrections_reference_original" time="0.003" /><testcase classname="tests.contract.test_gold_corpus.TestContradictionHandling" name="test_supersedes_has_dates" time="0.002" /><testcase classname="tests.contract.test_gold_corpus.TestQualityMetrics" name="test_all_critical_metrics_present" time="0.002" /><testcase classname="tests.contract.test_gold_corpus.TestQualityMetrics" name="test_metrics_have_required_fields" time="0.002" /><testcase classname="tests.contract.test_gold_corpus.TestQualityMetrics" name="test_critical_metrics_pass" time="0.002" /><testcase classname="tests.contract.test_gold_corpus.TestSourceFiles" name="test_source_files_have_frontmatter" time="0.013" /><testcase classname="tests.contract.test_gold_corpus.TestSourceFiles" name="test_source_files_have_required_metadata" time="0.011" /><testcase classname="tests.contract.test_gold_corpus.TestCorpusManifest" name="test_manifest_file_exists" time="0.001" /><testcase classname="tests.contract.test_gold_corpus.TestCorpusManifest" name="test_manifest_top_level_fields" time="0.002" /><testcase classname="tests.contract.test_gold_corpus.TestCorpusManifest" name="test_manifest_synthetic_only" time="0.002" /><testcase classname="tests.contract.test_gold_corpus.TestCorpusManifest" name="test_manifest_revisions_have_required_fields" time="0.002" /><testcase classname="tests.contract.test_gold_corpus.TestCorpusManifest" name="test_manifest_ids_are_layered" time="0.002" /><testcase classname="tests.contract.test_gold_corpus.TestCorpusManifest" name="test_manifest_paths_resolve_to_real_files" time="0.005" /><testcase classname="tests.contract.test_gold_corpus.TestCorpusManifest" name="test_manifest_content_sha256_matches_disk" time="0.012" /><testcase classname="tests.contract.test_gold_corpus.TestReferentialIntegrity" name="test_no_missing_sources_referenced" time="0.012" /><testcase classname="tests.contract.test_gold_corpus.TestReferentialIntegrity" name="test_no_orphan_spans" time="0.003" /><testcase classname="tests.contract.test_gold_corpus.TestReferentialIntegrity" name="test_spans_claim_refs_exist" time="0.003" /><testcase classname="tests.contract.test_gold_corpus.TestReferentialIntegrity" name="test_contradiction_claim_refs_exist" time="0.002" /><testcase classname="tests.contract.test_gold_corpus.TestReferentialIntegrity" name="test_global_id_uniqueness" time="0.009" /><testcase classname="tests.contract.test_gold_corpus.TestEvidenceExactness" name="test_span_offsets_match_source_body" time="0.010" /><testcase classname="tests.contract.test_gold_corpus.TestReadmeConsistency" name="test_readme_documents_all_disk_source_dirs" time="0.003" /><testcase classname="tests.contract.test_gold_corpus.TestReadmeConsistency" name="test_readme_documents_all_disk_annotation_files" time="0.002" /><testcase classname="tests.contract.test_gold_corpus.TestReadmeConsistency" name="test_readme_mentions_manifest" time="0.002" /><testcase classname="tests.contract.test_gold_corpus.TestCoverageGates" name="test_revision_count_at_least_30" time="0.003" /><testcase classname="tests.contract.test_gold_corpus.TestCoverageGates" name="test_source_kind_coverage" time="0.011" /><testcase classname="tests.contract.test_gold_corpus.TestCoverageGates" name="test_company_coverage_at_least_3" time="0.019" /><testcase classname="tests.contract.test_gold_corpus.TestCoverageGates" name="test_primary_entity_share_at_most_40_percent" time="0.002" /><testcase classname="tests.contract.test_gold_corpus.TestCoverageGates" name="test_ambiguity_cases_at_least_4" time="0.002" /><testcase classname="tests.contract.test_gold_corpus.TestCoverageGates" name="test_irrelevant_cases_at_least_4" time="0.002" /><testcase classname="tests.contract.test_gold_corpus.TestCoverageGates" name="test_as_of_cases_at_least_4" time="0.003" /><testcase classname="tests.contract.test_gold_corpus.TestCoverageGates" name="test_correction_or_supersedes_claims_at_least_4" time="0.002" /><testcase classname="tests.contract.test_gold_corpus.TestQualityMetricsConsistency" name="test_total_sources_matches_disk" time="0.002" /><testcase classname="tests.contract.test_gold_corpus.TestQualityMetricsConsistency" name="test_total_material_claims_matches_annotations" time="0.002" /><testcase classname="tests.contract.test_gold_corpus.TestQualityMetricsConsistency" name="test_below_threshold_implies_not_canary_ready" time="0.002" /><testcase classname="tests.contract.test_gold_evaluator.TestReceiptSchema" name="test_all_metrics_present" time="0.047" /><testcase classname="tests.contract.test_gold_evaluator.TestReceiptSchema" name="test_thresholds_block_present" time="0.001" /><testcase classname="tests.contract.test_gold_evaluator.TestReceiptSchema" name="test_counts_present" time="0.002" /><testcase classname="tests.contract.test_gold_evaluator.TestReceiptSchema" name="test_receipt_is_hashable_canonical" time="0.003" /><testcase classname="tests.contract.test_gold_evaluator.TestReceiptSchema" name="test_receipt_has_frozen_input_identity" time="0.002" /><testcase classname="tests.contract.test_gold_evaluator.TestReceiptSchema" name="test_fixed_cli_exists_and_has_help" time="0.122" /><testcase classname="tests.contract.test_gold_evaluator.TestReceiptSchema" name="test_cli_rejects_receipt_outside_artifact_gate" time="0.145" /><testcase classname="tests.contract.test_gold_evaluator.TestPerfectPrediction" name="test_all_critical_pass" time="0.001" /><testcase classname="tests.contract.test_gold_evaluator.TestPerfectPrediction" name="test_no_failures" time="0.001" /><testcase classname="tests.contract.test_gold_evaluator.TestPerfectPrediction" name="test_metric_at_ceiling[material_claim_recall-1.0]" time="0.001" /><testcase classname="tests.contract.test_gold_evaluator.TestPerfectPrediction" name="test_metric_at_ceiling[material_claim_precision-1.0]" time="0.001" /><testcase classname="tests.contract.test_gold_evaluator.TestPerfectPrediction" name="test_metric_at_ceiling[material_claim_f1-1.0]" time="0.001" /><testcase classname="tests.contract.test_gold_evaluator.TestPerfectPrediction" name="test_metric_at_ceiling[evidence_exactness-1.0]" time="0.001" /><testcase classname="tests.contract.test_gold_evaluator.TestPerfectPrediction" name="test_metric_at_ceiling[provenance_coverage-1.0]" time="0.001" /><testcase classname="tests.contract.test_gold_evaluator.TestPerfectPrediction" name="test_metric_at_ceiling[numeric_exactness-1.0]" time="0.002" /><testcase classname="tests.contract.test_gold_evaluator.TestPerfectPrediction" name="test_metric_at_ceiling[routing_micro_precision-1.0]" time="0.002" /><testcase classname="tests.contract.test_gold_evaluator.TestPerfectPrediction" name="test_metric_at_ceiling[routing_micro_recall-1.0]" time="0.002" /><testcase classname="tests.contract.test_gold_evaluator.TestPerfectPrediction" name="test_metric_at_ceiling[routing_macro_f1-1.0]" time="0.001" /><testcase classname="tests.contract.test_gold_evaluator.TestPerfectPrediction" name="test_metric_at_ceiling[irrelevant_rejection-1.0]" time="0.001" /><testcase classname="tests.contract.test_gold_evaluator.TestPerfectPrediction" name="test_metric_at_ceiling[ambiguity_detection_recall-1.0]" time="0.001" /><testcase classname="tests.contract.test_gold_evaluator.TestPerfectPrediction" name="test_metric_at_ceiling[correction_supersedes_accuracy-1.0]" time="0.002" /><testcase classname="tests.contract.test_gold_evaluator.TestPerfectPrediction" name="test_metric_at_ceiling[as_of_leakage_rate-0.0]" time="0.002" /><testcase classname="tests.contract.test_gold_evaluator.TestPerfectPrediction" name="test_metric_at_ceiling[aggregation_dedup_accuracy-1.0]" time="0.001" /><testcase classname="tests.contract.test_gold_mutations.TestCorpusIntegrityMutations" name="test_missing_manifest_source_is_rejected" time="0.089" /><testcase classname="tests.contract.test_gold_mutations.TestCorpusIntegrityMutations" name="test_unregistered_source_is_rejected" time="0.383" /><testcase classname="tests.contract.test_gold_mutations.TestCorpusIntegrityMutations" name="test_duplicate_revision_id_is_rejected" time="0.099" /><testcase classname="tests.contract.test_gold_mutations.TestCorpusIntegrityMutations" name="test_source_hash_drift_is_rejected" time="0.095" /><testcase classname="tests.contract.test_gold_mutations.TestCorpusIntegrityMutations" name="test_broken_claim_span_reference_is_rejected[claim]" time="0.217" /><testcase classname="tests.contract.test_gold_mutations.TestCorpusIntegrityMutations" name="test_broken_claim_span_reference_is_rejected[span]" time="0.217" /><testcase classname="tests.contract.test_gold_mutations.TestCorpusIntegrityMutations" name="test_span_offset_shift_is_rejected" time="0.226" /><testcase classname="tests.contract.test_gold_mutations.TestPredictionMutations" name="test_evidence_offset_shift_fails_exactness" time="0.049" /><testcase classname="tests.contract.test_gold_mutations.TestPredictionMutations" name="test_missing_numeric_payload_fails_numeric_exactness" time="0.004" /><testcase classname="tests.contract.test_gold_mutations.TestPredictionMutations" name="test_numeric_field_mutation_fails_exactness[unit-\u4e07\u5143]" time="0.004" /><testcase classname="tests.contract.test_gold_mutations.TestPredictionMutations" name="test_numeric_field_mutation_fails_exactness[currency-USD]" time="0.005" /><testcase classname="tests.contract.test_gold_mutations.TestPredictionMutations" name="test_numeric_field_mutation_fails_exactness[period-2025Q4]" time="0.004" /><testcase classname="tests.contract.test_gold_mutations.TestPredictionMutations" name="test_opinion_or_prediction_mislabeled_fact_is_rejected" time="0.004" /><testcase classname="tests.contract.test_gold_mutations.TestPredictionMutations" name="test_deleted_correction_edge_fails" time="0.004" /><testcase classname="tests.contract.test_gold_mutations.TestPredictionMutations" name="test_future_claim_fails_as_of_gate" time="0.004" /><testcase classname="tests.contract.test_gold_mutations.TestPredictionMutations" name="test_ambiguous_route_wrong_entity_fails_detection" time="0.005" /><testcase classname="tests.contract.test_gold_mutations.TestPredictionMutations" name="test_irrelevant_requires_explicit_rejection_flag" time="0.004" /><testcase classname="tests.contract.test_gold_mutations.TestPredictionMutations" name="test_aggregation_without_canonical_source_fails_dedup" time="0.004" /><testcase classname="tests.contract.test_gold_mutations.TestPredictionMutations" name="test_dropping_required_fanout_fails_routing_recall" time="0.004" /><testcase classname="tests.contract.test_gold_mutations.TestPredictionMutations" name="test_hallucinated_source_fails_provenance" time="0.004" /><testcase classname="tests.contract.test_gold_mutations" name="test_threshold_file_is_definition_only" time="0.004" /><testcase classname="tests.contract.test_gold_review_gate" name="test_gold_review_gate_module_exists" time="0.002" /><testcase classname="tests.contract.test_gold_review_gate" name="test_packet_matches_manifest_and_contains_no_body" time="0.051" /><testcase classname="tests.contract.test_gold_review_gate" name="test_packet_annotation_indexes_are_materialized" time="0.003" /><testcase classname="tests.contract.test_gold_review_gate" name="test_packet_binds_every_review_critical_input_file" time="0.003" /><testcase classname="tests.contract.test_gold_review_gate" name="test_annotation_content_drift_changes_packet_even_when_ids_do_not" time="0.258" /><testcase classname="tests.contract.test_gold_review_gate" name="test_threshold_file_drift_changes_packet" time="0.211" /><testcase classname="tests.contract.test_gold_review_gate" name="test_second_review_selection_is_deterministic_and_covers_kinds" time="0.052" /><testcase classname="tests.contract.test_gold_review_gate" name="test_template_is_entirely_pending" time="0.002" /><testcase classname="tests.contract.test_gold_review_gate" name="test_pending_template_is_blocked_not_invalid" time="0.003" /><testcase classname="tests.contract.test_gold_review_gate" name="test_complete_independent_receipt_is_approved_in_memory" time="0.005" /><testcase classname="tests.contract.test_gold_review_gate" name="test_primary_reviewer_must_be_independent[None]" time="0.007" /><testcase classname="tests.contract.test_gold_review_gate" name="test_primary_reviewer_must_be_independent[]" time="0.004" /><testcase classname="tests.contract.test_gold_review_gate" name="test_primary_reviewer_must_be_independent[implementer-test]" time="0.005" /><testcase classname="tests.contract.test_gold_review_gate" name="test_primary_reviewer_must_be_independent[ implementer-test]" time="0.004" /><testcase classname="tests.contract.test_gold_review_gate" name="test_primary_reviewer_must_be_independent[IMPLEMENTER-TEST]" time="0.004" /><testcase classname="tests.contract.test_gold_review_gate" name="test_primary_id_set_must_exactly_match_packet" time="0.004" /><testcase classname="tests.contract.test_gold_review_gate" name="test_packet_hash_drift_is_rejected" time="0.004" /><testcase classname="tests.contract.test_gold_review_gate" name="test_packet_and_receipt_cannot_be_synchronously_tampered" time="0.005" /><testcase classname="tests.contract.test_gold_review_gate" name="test_current_manifest_drift_is_rejected" time="0.005" /><testcase classname="tests.contract.test_gold_review_gate" name="test_receipt_schema_and_type_are_frozen[schema_version-999]" time="0.004" /><testcase classname="tests.contract.test_gold_review_gate" name="test_receipt_schema_and_type_are_frozen[receipt_type-forged_review_receipt]" time="0.004" /><testcase classname="tests.contract.test_gold_review_gate" name="test_reviewed_at_must_be_a_real_calendar_timestamp" time="0.004" /><testcase classname="tests.contract.test_gold_review_gate" name="test_primary_incomplete_or_rubber_stamp_is_blocked[pending-PRIMARY_PENDING]" time="0.006" /><testcase classname="tests.contract.test_gold_review_gate" name="test_primary_incomplete_or_rubber_stamp_is_blocked[failed_check-PRIMARY_CHECK_FAILED]" time="0.005" /><testcase classname="tests.contract.test_gold_review_gate" name="test_primary_incomplete_or_rubber_stamp_is_blocked[missing_notes-PRIMARY_NOTES_MISSING]" time="0.004" /><testcase classname="tests.contract.test_gold_review_gate" name="test_primary_incomplete_or_rubber_stamp_is_blocked[duplicated_notes-PRIMARY_NOTES_DUPLICATED]" time="0.005" /><testcase classname="tests.contract.test_gold_review_gate" name="test_not_applicable_only_allowed_for_absent_features" time="0.005" /><testcase classname="tests.contract.test_gold_review_gate" name="test_required_second_review_cannot_be_removed" time="0.004" /><testcase classname="tests.contract.test_gold_review_gate" name="test_second_reviewer_must_differ_from_primary" time="0.004" /><testcase classname="tests.contract.test_gold_review_gate" name="test_second_disagreement_or_failed_check_blocks" time="0.002" /><testcase classname="tests.contract.test_gold_review_gate" name="test_mutated_second_selection_in_packet_is_rejected" time="0.002" /><testcase classname="tests.contract.test_gold_review_gate" name="test_second_review_must_cover_every_source_kind" time="0.002" /><testcase classname="tests.contract.test_gold_review_gate" name="test_packet_and_validation_do_not_modify_manifest" time="0.003" /><testcase classname="tests.contract.test_gold_review_gate" name="test_artifact_writer_rejects_outside_gate" time="0.004" /><testcase classname="tests.contract.test_gold_review_gate" name="test_cli_help_exposes_packet_and_validate_commands" time="0.126" /><testcase classname="tests.contract.test_gold_review_gate" name="test_cli_rebuilds_current_packet_and_rejects_synchronized_tamper" time="0.088" /><testcase classname="tests.contract.test_gold_review_gate" name="test_case_viewer_function_exists" time="0.002" /><testcase classname="tests.contract.test_gold_review_gate" name="test_case_viewer_materializes_complete_positive_case" time="0.088" /><testcase classname="tests.contract.test_gold_review_gate" name="test_case_viewer_preserves_empty_negative_annotations" time="0.082" /><testcase classname="tests.contract.test_gold_review_gate" name="test_case_viewer_includes_raw_relation_objects" time="0.084" /><testcase classname="tests.contract.test_gold_review_gate" name="test_case_viewer_rejects_unknown_revision" time="0.033" /><testcase classname="tests.contract.test_gold_review_gate" name="test_case_viewer_rejects_packet_tampering_before_render" time="0.040" /><testcase classname="tests.contract.test_gold_review_gate" name="test_case_viewer_never_emits_review_decisions" time="0.090" /><testcase classname="tests.contract.test_gold_review_gate" name="test_case_viewer_builds_all_forty_revisions" time="3.113" /><testcase classname="tests.contract.test_gold_review_gate" name="test_case_cli_outputs_json_to_stdout_without_artifact" time="0.106" /><testcase classname="tests.contract.test_gp002_scan_v2_wiring" name="test_gp2_01_real_scan_forwards_v2_flag" time="0.072" /><testcase classname="tests.contract.test_gp002_scan_v2_wiring" name="test_gp2_01_dry_run_forwards_v2_flag" time="0.008" /><testcase classname="tests.contract.test_gp002_scan_v2_wiring" name="test_gp2_01_flag_off_forwards_false" time="0.061" /><testcase classname="tests.contract.test_gp002_scan_v2_wiring" name="test_gp2_02_snapshot_v2_on_routes_real_scan_to_v2" time="0.100" /><testcase classname="tests.contract.test_gp002_scan_v2_wiring" name="test_gp2_02_no_snapshot_stays_v1" time="0.076" /><testcase classname="tests.contract.test_gp002_scan_v2_wiring" name="test_gp2_02_snapshot_v2_dry_run_stays_v1" time="0.012" /><testcase classname="tests.contract.test_gp002_scan_v2_wiring" name="test_gp2_02_corrupt_snapshot_degrades_to_v1" time="0.089" /><testcase classname="tests.contract.test_gp003_llm_exit_receipt_privacy_gate" name="test_gp3_01_private_user_doc_never_selected" time="3.069" /><testcase classname="tests.contract.test_gp003_llm_exit_receipt_privacy_gate" name="test_gp3_02_public_doc_without_receipt_not_selected" time="1.305" /><testcase classname="tests.contract.test_gp003_llm_exit_receipt_privacy_gate" name="test_gp3_03_public_doc_with_bound_receipt_is_selected" time="1.608" /><testcase classname="tests.contract.test_gp003_llm_exit_receipt_privacy_gate" name="test_gp3_04_receipt_source_mismatch_blocks" time="1.378" /><testcase classname="tests.contract.test_gp003_llm_exit_receipt_privacy_gate" name="test_gp3_05_private_user_with_valid_receipt_still_blocked" time="2.493" /><testcase classname="tests.contract.test_known_defects.TestRawImmutability" name="test_raw_files_exist_after_read" time="0.010" /><testcase classname="tests.contract.test_known_defects.TestRawImmutability" name="test_raw_directory_not_deleted" time="0.014" /><testcase classname="tests.contract.test_known_defects.TestNoEvidenceRejection" name="test_wiki_entry_has_source_link" time="0.002" /><testcase classname="tests.contract.test_known_defects.TestNoEvidenceRejection" name="test_wiki_frontmatter_has_sources_count" time="0.003" /><testcase classname="tests.contract.test_known_defects.TestFanOutAPI" name="test_company_belongs_to_sector" time="0.180" /><testcase classname="tests.contract.test_known_defects.TestFanOutAPI" name="test_competitor_relationship" time="0.181" /><testcase classname="tests.contract.test_known_defects.TestAmbiguityHandling" name="test_fixture_contains_ambiguity_case" time="0.002" /><testcase classname="tests.contract.test_known_defects.TestAmbiguityHandling" name="test_fixture_contains_injection_case" time="0.002" /><testcase classname="tests.contract.test_known_defects.TestConfigFailFast" name="test_missing_required_field" time="0.003" /><testcase classname="tests.contract.test_known_defects.TestConfigFailFast" name="test_invalid_interval" time="0.002" /><testcase classname="tests.contract.test_known_defects.TestIndexConsistency" name="test_fixture_wiki_files_exist" time="0.002" /><testcase classname="tests.contract.test_known_defects.TestIndexConsistency" name="test_sector_wiki_exists" time="0.002" /><testcase classname="tests.contract.test_known_defects.TestSchedulerIntervals" name="test_config_intervals_are_valid" time="0.008" /><testcase classname="tests.contract.test_legacy_caller_reachability" name="test_permanent_retirement_inventory_is_frozen_in_policy" time="0.001" /><testcase classname="tests.contract.test_legacy_caller_reachability" name="test_r1_override_is_rejected_by_policy" time="0.002" /><testcase classname="tests.contract.test_legacy_caller_reachability" name="test_r2_override_is_rejected_by_policy" time="0.001" /><testcase classname="tests.contract.test_legacy_caller_reachability" name="test_r3_override_is_rejected_by_policy" time="0.001" /><testcase classname="tests.contract.test_legacy_caller_reachability" name="test_r4_override_is_rejected_by_policy" time="0.001" /><testcase classname="tests.contract.test_legacy_caller_reachability" name="test_r5_override_is_rejected_by_policy" time="0.001" /><testcase classname="tests.contract.test_legacy_caller_reachability" name="test_non_r1_source_compatibility_keeps_explicit_override_contract" time="0.002" /><testcase classname="tests.contract.test_legacy_caller_reachability" name="test_r1_direct_cli_fails_before_argument_or_llm_initialization" time="0.103" /><testcase classname="tests.contract.test_legacy_caller_reachability" name="test_imported_orchestrator_permission_rejects_r1_override" time="0.002" /><testcase classname="tests.contract.test_legacy_caller_reachability" name="test_imported_destructive_permission_rejects_r3_override" time="0.002" /><testcase classname="tests.contract.test_legacy_caller_reachability" name="test_imported_link_writer_permission_rejects_r4_override" time="0.001" /><testcase classname="tests.contract.test_legacy_caller_reachability" name="test_imported_cross_verify_permission_rejects_r5_override" time="0.001" /><testcase classname="tests.contract.test_legacy_caller_reachability" name="test_r2_direct_cli_rejects_override_without_running_writer" time="0.159" /><testcase classname="tests.contract.test_legacy_caller_reachability" name="test_maintenance_guard_survives_python_no_site_mode" time="0.087" /><testcase classname="tests.contract.test_legacy_caller_reachability" name="test_r3_guard_survives_python_no_site_mode" time="0.086" /><testcase classname="tests.contract.test_legacy_caller_reachability" name="test_r4_guard_survives_python_no_site_mode_without_writing" time="0.097" /><testcase classname="tests.contract.test_legacy_caller_reachability" name="test_r4_module_import_preserves_wikilink_engine" time="0.014" /><testcase classname="tests.contract.test_legacy_caller_reachability" name="test_r5_guard_survives_python_no_site_mode" time="0.140" /><testcase classname="tests.contract.test_legacy_caller_reachability" name="test_r5_module_import_preserves_historical_event_cluster" time="0.016" /><testcase classname="tests.contract.test_legacy_caller_reachability" name="test_every_retired_script_has_an_explicit_direct_cli_guard" time="0.015" /><testcase classname="tests.contract.test_legacy_caller_reachability" name="test_maintenance_guard_precedes_project_initialization" time="0.004" /><testcase classname="tests.contract.test_legacy_caller_reachability" name="test_deletion_manifest_control_cli_remains_available" time="0.208" /><testcase classname="tests.contract.test_legacy_caller_reachability" name="test_canonical_source_export_help_remains_available" time="0.901" /><testcase classname="tests.contract.test_legacy_caller_reachability" name="test_canonical_extraction_quality_help_remains_available" time="0.530" /><testcase classname="tests.contract.test_legacy_caller_reachability" name="test_canonical_source_entry_points_exclude_legacy_modules" time="0.001" /><testcase classname="tests.contract.test_legacy_caller_reachability" name="test_windows_source_launchers_exclude_legacy_scheduler" time="0.002" /><testcase classname="tests.contract.test_legacy_observation" name="test_leg01_legacy_hit_recorded_via_observer" time="0.002" /><testcase classname="tests.contract.test_legacy_observation" name="test_leg02_no_observer_no_behavior_change" time="0.001" /><testcase classname="tests.contract.test_legacy_observation" name="test_leg03_v2_assertion_takes_precedence_no_legacy_hit" time="0.001" /><testcase classname="tests.contract.test_legacy_observation" name="test_leg04_freeze_gate_no_new_legacy_callers" time="0.014" /><testcase classname="tests.contract.test_legacy_observation" name="test_leg05_v1_reader_rollback_drill_never_reads_shadow" time="0.001" /><testcase classname="tests.contract.test_legacy_observation" name="test_leg06_period_baseline_recordable" time="0.001" /><testcase classname="tests.contract.test_legacy_observation" name="test_leg10_close_gate_two_zero_hit_24h_windows" time="0.006" /><testcase classname="tests.contract.test_legacy_observation" name="test_leg10b_single_window_not_allowed" time="0.002" /><testcase classname="tests.contract.test_legacy_observation" name="test_leg10c_hits_in_window_blocks_close" time="0.001" /><testcase classname="tests.contract.test_legacy_observation" name="test_leg10d_short_window_blocks_close" time="0.001" /><testcase classname="tests.contract.test_legacy_observation" name="test_leg10e_gap_in_period_numbers_blocks_close" time="0.001" /><testcase classname="tests.contract.test_legacy_observation" name="test_leg10f_empty_ledger_fails_closed" time="0.001" /><testcase classname="tests.contract.test_legacy_observation" name="test_leg07_bridge_off_fails_closed_no_container_read" time="0.001" /><testcase classname="tests.contract.test_legacy_observation" name="test_leg09_rollback_restores_bridge" time="0.001" /><testcase classname="tests.contract.test_legacy_observation" name="test_leg11_canary_matrix_observation_read_only" time="0.160" /><testcase classname="tests.contract.test_legacy_observation" name="test_leg10g_gate_fires_after_two_completed_zero_hit_windows" time="0.002" /><testcase classname="tests.contract.test_legacy_observation" name="test_leg12_sample_pass_snapshot_bridge_off_zero_hits" time="0.166" /><testcase classname="tests.contract.test_legacy_observation" name="test_leg12b_sample_pass_snapshot_bridge_on_records_hit" time="0.102" /><testcase classname="tests.contract.test_legacy_observation" name="test_leg12c_sample_pass_absent_snapshot_keeps_legacy_default" time="0.085" /><testcase clas
[...]
 /><testcase classname="tests.contract.test_zr402_adapter_route_contract" name="test_c4_conformance_mutant_killed[M5_write]" time="0.048" /><testcase classname="tests.contract.test_zr402_adapter_route_contract" name="test_c4_conformance_mutant_killed[M6_path_escape]" time="0.025" /><testcase classname="tests.contract.test_zr402_adapter_route_contract" name="test_c4_registry_fail_open_mutant_is_killed" time="0.003" /><testcase classname="tests.contract.test_zr402_adapter_route_contract" name="test_c4_facade_fallback_mutant_is_killed" time="0.013" /><testcase classname="tests.contract.test_zr402_adapter_route_contract" name="test_c4_kill_table_complete" time="0.004" /><testcase classname="tests.contract.test_zr402_adapter_route_contract" name="test_c4_battery_base_adapter_is_conformant" time="0.026" /><testcase classname="tests.contract.test_zr403_dedupe_resolver_generalization" name="test_c1_four_contexts_one_document_canonical_lowest_priority" time="0.225" /><testcase classname="tests.contract.test_zr403_dedupe_resolver_generalization" name="test_c1_future_lake_wins_on_priority" time="0.196" /><testcase classname="tests.contract.test_zr403_dedupe_resolver_generalization" name="test_c2_retired_high_priority_location_never_canonical" time="0.178" /><testcase classname="tests.contract.test_zr403_dedupe_resolver_generalization" name="test_c2_rejections_path_loses_to_healthy_lower_priority" time="0.187" /><testcase classname="tests.contract.test_zr403_dedupe_resolver_generalization" name="test_c3_locations_schema_has_no_canonical_column" time="0.175" /><testcase classname="tests.contract.test_zr403_dedupe_resolver_generalization" name="test_c3_resolve_and_queries_leave_database_bytes_unchanged" time="0.255" /><testcase classname="tests.contract.test_zr403_dedupe_resolver_generalization" name="test_c4_random_config_orders_produce_identical_catalogs" time="1.684" /><testcase classname="tests.contract.test_zr404_envelope_trace_rationale" name="test_zr404_cohorts_and_source_hash_ride_envelope" time="0.145" /><testcase classname="tests.contract.test_zr404_envelope_trace_rationale" name="test_zr404_without_snapshot_honest_defaults" time="0.173" /><testcase classname="tests.contract.test_zr404_envelope_trace_rationale" name="test_zr404_conflict_fail_closed_bad_policy_hash" time="0.236" /><testcase classname="tests.contract.test_zr404_envelope_trace_rationale" name="test_zr404_conflict_fail_closed_bad_epoch_or_cohorts" time="0.140" /><testcase classname="tests.contract.test_zr404_envelope_trace_rationale" name="test_zr404_candidate_exclusion_trace_carried" time="0.187" /><testcase classname="tests.contract.test_zr404_envelope_trace_rationale" name="test_zr404_exclusion_trace_empty_on_clean_match" time="0.137" /><testcase classname="tests.contract.test_zr404_envelope_trace_rationale" name="test_zr404_canonical_rationale_redacts_project_root" time="0.115" /><testcase classname="tests.contract.test_zr404_envelope_trace_rationale" name="test_zr404_no_rationale_without_match" time="0.120" /><testcase classname="tests.contract.test_zr404_envelope_trace_rationale" name="test_zr404_additive_old_keys_unchanged_and_schema_stable" time="0.149" /><testcase classname="tests.contract.test_zr404_envelope_trace_rationale" name="test_zr404_filing_validator_accepts_enriched_envelope" time="0.154" /><testcase classname="tests.contract.test_zr404_envelope_trace_rationale" name="test_zr404_policy_hash_shape_validation_matches_filing_rule" time="0.002" /><testcase classname="tests.contract.test_zr405_policy_export_cli" name="test_zr405_policy_export_hash_matches_export_policy_2x" time="0.086" /><testcase classname="tests.contract.test_zr405_policy_export_cli" name="test_zr405_policy_export_roots_contract_fields" time="0.047" /><testcase classname="tests.contract.test_zr405_policy_export_cli" name="test_zr405_policy_export_paths_are_absolute_and_consistent" time="0.038" /><testcase classname="tests.contract.test_zr405_policy_export_cli" name="test_zr405_policy_export_deterministic" time="0.068" /><testcase classname="tests.contract.test_zr405_policy_export_cli" name="test_zr405_policy_export_read_only" time="0.045" /><testcase classname="tests.contract.test_zr406_gap_plan_orthogonality" name="test_c1_matrix_cell[current-no_local]" time="0.003" /><testcase classname="tests.contract.test_zr406_gap_plan_orthogonality" name="test_c1_matrix_cell[current-exact]" time="0.005" /><testcase classname="tests.contract.test_zr406_gap_plan_orthogonality" name="test_c1_matrix_cell[current-equivalent]" time="0.005" /><testcase classname="tests.contract.test_zr406_gap_plan_orthogonality" name="test_c1_matrix_cell[current-ambiguous]" time="0.004" /><testcase classname="tests.contract.test_zr406_gap_plan_orthogonality" name="test_c1_matrix_cell[current-unusable]" time="0.003" /><testcase classname="tests.contract.test_zr406_gap_plan_orthogonality" name="test_c1_matrix_cell[newer_period-no_local]" time="0.004" /><testcase classname="tests.contract.test_zr406_gap_plan_orthogonality" name="test_c1_matrix_cell[newer_period-exact]" time="0.005" /><testcase classname="tests.contract.test_zr406_gap_plan_orthogonality" name="test_c1_matrix_cell[newer_period-equivalent]" time="0.005" /><testcase classname="tests.contract.test_zr406_gap_plan_orthogonality" name="test_c1_matrix_cell[newer_period-ambiguous]" time="0.005" /><testcase classname="tests.contract.test_zr406_gap_plan_orthogonality" name="test_c1_matrix_cell[newer_period-unusable]" time="0.004" /><testcase classname="tests.contract.test_zr406_gap_plan_orthogonality" name="test_c1_matrix_cell[newer_revision-no_local]" time="0.004" /><testcase classname="tests.contract.test_zr406_gap_plan_orthogonality" name="test_c1_matrix_cell[newer_revision-exact]" time="0.006" /><testcase classname="tests.contract.test_zr406_gap_plan_orthogonality" name="test_c1_matrix_cell[newer_revision-equivalent]" time="0.003" /><testcase classname="tests.contract.test_zr406_gap_plan_orthogonality" name="test_c1_matrix_cell[newer_revision-ambiguous]" time="0.005" /><testcase classname="tests.contract.test_zr406_gap_plan_orthogonality" name="test_c1_matrix_cell[newer_revision-unusable]" time="0.004" /><testcase classname="tests.contract.test_zr406_gap_plan_orthogonality" name="test_c1_matrix_cell[not_published-no_local]" time="0.005" /><testcase classname="tests.contract.test_zr406_gap_plan_orthogonality" name="test_c1_matrix_cell[not_published-exact]" time="0.005" /><testcase classname="tests.contract.test_zr406_gap_plan_orthogonality" name="test_c1_matrix_cell[not_published-equivalent]" time="0.005" /><testcase classname="tests.contract.test_zr406_gap_plan_orthogonality" name="test_c1_matrix_cell[not_published-ambiguous]" time="0.006" /><testcase classname="tests.contract.test_zr406_gap_plan_orthogonality" name="test_c1_matrix_cell[not_published-unusable]" time="0.003" /><testcase classname="tests.contract.test_zr406_gap_plan_orthogonality" name="test_c1_matrix_cell[unknown-no_local]" time="0.005" /><testcase classname="tests.contract.test_zr406_gap_plan_orthogonality" name="test_c1_matrix_cell[unknown-exact]" time="0.004" /><testcase classname="tests.contract.test_zr406_gap_plan_orthogonality" name="test_c1_matrix_cell[unknown-equivalent]" time="0.003" /><testcase classname="tests.contract.test_zr406_gap_plan_orthogonality" name="test_c1_matrix_cell[unknown-ambiguous]" time="0.003" /><testcase classname="tests.contract.test_zr406_gap_plan_orthogonality" name="test_c1_matrix_cell[unknown-unusable]" time="0.005" /><testcase classname="tests.contract.test_zr406_gap_plan_orthogonality" name="test_c1_matrix_cell[future-no_local]" time="0.006" /><testcase classname="tests.contract.test_zr406_gap_plan_orthogonality" name="test_c1_matrix_cell[future-exact]" time="0.007" /><testcase classname="tests.contract.test_zr406_gap_plan_orthogonality" name="test_c1_matrix_cell[future-equivalent]" time="0.007" /><testcase classname="tests.contract.test_zr406_gap_plan_orthogonality" name="test_c1_matrix_cell[future-ambiguous]" time="0.007" /><testcase classname="tests.contract.test_zr406_gap_plan_orthogonality" name="test_c1_matrix_cell[future-unusable]" time="0.006" /><testcase classname="tests.contract.test_zr406_gap_plan_orthogonality" name="test_c1_matrix_cells_are_distinct" time="0.007" /><testcase classname="tests.contract.test_zr406_gap_plan_orthogonality" name="test_c1_gap_hash_deterministic_and_discriminating" time="0.011" /><testcase classname="tests.contract.test_zr406_gap_plan_orthogonality" name="test_c1_unusable_local_in_provider_error_branch" time="0.005" /><testcase classname="tests.contract.test_zr406_gap_plan_orthogonality" name="test_c2_unknown_filing_date_is_eligible_conservative" time="0.003" /><testcase classname="tests.contract.test_zr406_gap_plan_orthogonality" name="test_c2_future_never_enters_gap_and_does_not_negate_not_published" time="0.003" /><testcase classname="tests.contract.test_zr406_gap_plan_orthogonality" name="test_c2_mixed_eligible_and_future" time="0.003" /><testcase classname="tests.contract.test_zr406_gap_plan_orthogonality" name="test_c3_non_natural_fiscal_year_collapses_to_one_bucket" time="0.004" /><testcase classname="tests.contract.test_zr406_gap_plan_orthogonality" name="test_c3_amended_original_dedup_single_newer_revision" time="0.003" /><testcase classname="tests.contract.test_zr406_gap_plan_orthogonality" name="test_c3_local_already_newest_amended_reuses" time="0.003" /><testcase classname="tests.contract.test_zr407_ensure_readonly" name="test_no_download_exact_ensure_uses_reader_without_journal" time="0.098" /><testcase classname="tests.contract.test_zr501_broker_metadata_contract" name="test_c1_no_sidecar_filename_only_proposal" time="0.176" /><testcase classname="tests.contract.test_zr501_broker_metadata_contract" name="test_c1_sidecar_facts_win_over_filename" time="0.028" /><testcase classname="tests.contract.test_zr501_broker_metadata_contract" name="test_c1_no_sidecar_published_date_never_invented" time="0.016" /><testcase classname="tests.contract.test_zr501_broker_metadata_contract" name="test_c2_sidecar_contract_fields_passthrough" time="0.022" /><testcase classname="tests.contract.test_zr501_broker_metadata_contract" name="test_c2_absent_contract_fields_stay_absent" time="0.032" /><testcase classname="tests.contract.test_zr501_broker_metadata_contract" name="test_c2_page_count_lands_in_normalized_artifact" time="0.010" /><testcase classname="tests.contract.test_zr501_broker_metadata_contract" name="test_c2_page_count_survives_isolated_parser_envelope" time="0.002" /><testcase classname="tests.contract.test_zr501_broker_metadata_contract" name="test_c2_page_count_none_when_unknown" time="0.008" /><testcase classname="tests.contract.test_zr501_broker_metadata_contract" name="test_c3_metadata_complete_broker_still_non_filing" time="0.017" /><testcase classname="tests.contract.test_zr501_broker_metadata_contract" name="test_c3_filing_request_cannot_be_satisfied_by_broker" time="0.195" /><testcase classname="tests.contract.test_zr502_homepage_identity" name="test_c1_standalone_sidecar_never_a_candidate" time="0.070" /><testcase classname="tests.contract.test_zr502_homepage_identity" name="test_c1_filing_request_never_matches_sidecar_file" time="0.589" /><testcase classname="tests.contract.test_zr502_homepage_identity" name="test_c2_consistent_on_declared_title_token" time="0.003" /><testcase classname="tests.contract.test_zr502_homepage_identity" name="test_c2_consistent_on_publisher_token" time="0.038" /><testcase classname="tests.contract.test_zr502_homepage_identity" name="test_c2_contradiction_on_foreign_cover" time="0.003" /><testcase classname="tests.contract.test_zr502_homepage_identity" name="test_c2_unverifiable_no_text" time="0.010" /><testcase classname="tests.contract.test_zr502_homepage_identity" name="test_c2_unverifiable_no_cover_framing" time="0.035" /><testcase classname="tests.contract.test_zr502_homepage_identity" name="test_c3_contradiction_flags_frontmatter_and_quality" time="0.045" /><testcase classname="tests.contract.test_zr502_homepage_identity" name="test_c3_consistent_no_flag" time="0.043" /><testcase classname="tests.contract.test_zr502_homepage_identity" name="test_c3_unverifiable_no_flag_no_fabrication" time="0.043" /><testcase classname="tests.contract.test_zr502_homepage_identity" name="test_c3_page_count_still_present_alongside_identity" time="0.044" /><testcase classname="tests.contract.test_zr506_section_chunk_fact" name="test_c1_detects_cjk_ordinal_and_chapter_headings" time="0.003" /><testcase classname="tests.contract.test_zr506_section_chunk_fact" name="test_c1_detects_chapter_and_numeric_headings" time="0.002" /><testcase classname="tests.contract.test_zr506_section_chunk_fact" name="test_c1_no_false_positive_mid_sentence_ordinal" time="0.002" /><testcase classname="tests.contract.test_zr506_section_chunk_fact" name="test_c1_no_sections_for_plain_text" time="0.002" /><testcase classname="tests.contract.test_zr506_section_chunk_fact" name="test_c2_chunks_between_sections" time="0.028" /><testcase classname="tests.contract.test_zr506_section_chunk_fact" name="test_c2_implicit_single_chunk_without_sections" time="0.003" /><testcase classname="tests.contract.test_zr506_section_chunk_fact" name="test_c2_bounds_clamped" time="0.036" /><testcase classname="tests.contract.test_zr506_section_chunk_fact" name="test_c3_fact_with_unit" time="0.003" /><testcase classname="tests.contract.test_zr506_section_chunk_fact" name="test_c3_fact_negative_percent_and_unitless" time="0.004" /><testcase classname="tests.contract.test_zr506_section_chunk_fact" name="test_c3_facts_collected_in_order_and_no_match_is_empty" time="0.003" /><testcase classname="tests.contract.test_zr506_section_chunk_fact" name="test_c3_int_vs_float_preserved" time="0.003" /><testcase classname="tests.contract.test_zr506_section_chunk_fact" name="test_c4_frontmatter_has_document_structure" time="0.118" /><testcase classname="tests.contract.test_zr506_section_chunk_fact" name="test_c4_zr501_505_fields_coexist" time="0.088" /><testcase classname="tests.contract.test_zr506_section_chunk_fact" name="test_c5_no_entity_or_metric_names_in_product_module" time="0.038" /><testcase classname="tests.contract.test_zr507_processing_demand" name="test_c1_enqueue_dedupes_by_key" time="0.009" /><testcase classname="tests.contract.test_zr507_processing_demand" name="test_c1_claim_orders_by_priority_then_creation" time="0.003" /><testcase classname="tests.contract.test_zr507_processing_demand" name="test_c1_heartbeat_renews_lease" time="0.036" /><testcase classname="tests.contract.test_zr507_processing_demand" name="test_c1_heartbeat_rejected_without_lease" time="0.002" /><testcase classname="tests.contract.test_zr507_processing_demand" name="test_c2_enqueue_claim_complete_chain" time="0.030" /><testcase classname="tests.contract.test_zr507_processing_demand" name="test_c2_expired_lease_is_reclaimable" time="0.003" /><testcase classname="tests.contract.test_zr507_processing_demand" name="test_c2_fail_backoff_gates_reclaim" time="0.038" /><testcase classname="tests.contract.test_zr507_processing_demand" name="test_c2_attempt_cap_is_terminal" time="0.004" /><testcase classname="tests.contract.test_zr507_processing_demand" name="test_c2_unknown_demand_id_raises" time="0.038" /><testcase classname="tests.contract.test_zr507_processing_demand" name="test_c3_late_high_priority_does_not_reorder_claimed" time="0.038" /><testcase classname="tests.contract.test_zr507_processing_demand" name="test_c3_priority_is_immutable_after_enqueue" time="0.003" /><testcase classname="tests.contract.test_zr507_processing_demand" name="test_c3_same_priority_fifo" time="0.038" /><testcase classname="tests.contract.test_zr507_processing_demand" name="test_c4_identical_sequences_produce_identical_snapshots" time="0.036" /><testcase classname="tests.contract.test_zr507_processing_demand" name="test_c4_expire_count_and_reclaim_deterministic" time="0.004" /><testcase classname="tests.contract.test_zr508_scheduler" name="test_c1_low_priority_is_not_starved_by_high_priority_stream" time="0.076" /><testcase classname="tests.contract.test_zr508_scheduler" name="test_c1_equal_wait_prefers_higher_priority" time="0.006" /><testcase classname="tests.contract.test_zr508_scheduler" name="test_c1_raw_priority_remains_immutable" time="0.003" /><testcase classname="tests.contract.test_zr508_scheduler" name="test_c2_deadline_urgency_lifts_effective_priority" time="0.002" /><testcase classname="tests.contract.test_zr508_scheduler" name="test_c2_past_deadline_still_schedulable_with_marker" time="0.002" /><testcase classname="tests.contract.test_zr508_scheduler" name="test_c2_no_deadline_no_marker" time="0.002" /><testcase classname="tests.contract.test_zr508_scheduler" name="test_c3_budget_exhaustion_pauses_kind" time="0.002" /><testcase classname="tests.contract.test_zr508_scheduler" name="test_c3_budget_reset_restores_kind" time="0.002" /><testcase classname="tests.contract.test_zr508_scheduler" name="test_c4_identical_sequences_produce_identical_decisions" time="0.002" /><testcase classname="tests.contract.test_zr508_scheduler" name="test_c4_schedule_once_returns_none_when_idle" time="0.026" /><testcase classname="tests.contract.test_zr508_scheduler" name="test_c4_claimed_demand_has_lease" time="0.003" /><testcase classname="tests.contract.test_zr509_html_capture" name="test_c1_extracts_title_entities_period" time="0.038" /><testcase classname="tests.contract.test_zr509_html_capture" name="test_c1_h1_fallback_and_iso_date" time="0.003" /><testcase classname="tests.contract.test_zr509_html_capture" name="test_c1_bare_year_period" time="0.003" /><testcase classname="tests.contract.test_zr509_html_capture" name="test_c1_empty_input" time="0.037" /><testcase classname="tests.contract.test_zr509_html_capture" name="test_c2_official_announcement_passes" time="0.041" /><testcase classname="tests.contract.test_zr509_html_capture" name="test_c2_missing_title" time="0.004" /><testcase classname="tests.contract.test_zr509_html_capture" name="test_c2_no_entity" time="0.003" /><testcase classname="tests.contract.test_zr509_html_capture" name="test_c2_entity_mismatch" time="0.003" /><testcase classname="tests.contract.test_zr509_html_capture" name="test_c2_no_declared_entity_any_entity_passes" time="0.002" /><testcase classname="tests.contract.test_zr509_html_capture" name="test_c3_wrong_strategy_shape_is_fail_closed" time="0.002" /><testcase classname="tests.contract.test_zr509_html_capture" name="test_c4_outputs_are_json_serializable" time="0.003" /><testcase classname="tests.contract.test_zr509_html_capture" name="test_c4_deterministic" time="0.002" /><testcase classname="tests.contract.test_zr510_attribution" name="test_c1_single_entity_chunk_attributes_to_entity" time="0.002" /><testcase classname="tests.contract.test_zr510_attribution" name="test_c1_mixed_chunk" time="0.002" /><testcase classname="tests.contract.test_zr510_attribution" name="test_c1_unattributed_chunk" time="0.038" /><testcase classname="tests.contract.test_zr510_attribution" name="test_c2_changjiang_shape_has_zero_misattribution" time="0.005" /><testcase classname="tests.contract.test_zr510_attribution" name="test_c2_unattributed_chunk_carries_no_entity" time="0.003" /><testcase classname="tests.contract.test_zr510_attribution" name="test_c3_multi_entity_document_gets_chunk_attribution" time="0.047" /><testcase classname="tests.contract.test_zr510_attribution" name="test_c3_single_entity_document_has_no_chunk_attribution" time="0.045" /><testcase classname="tests.contract.test_zr510_attribution" name="test_c4_deterministic" time="0.035" /><testcase classname="tests.contract.test_zr510_attribution" name="test_c4_zero_hardcoded_names_in_product_module" time="0.003" /><testcase classname="tests.contract.test_zr510_attribution" name="test_c4_locator_bearing_body_offsets_stay_aligned" time="0.039" /></testsuite></testsuites>